@!@!@STARTMSG 2262:0 @!@!@
TLC2 Version 2.20 of Day Month 20?? (rev: 30ec586)
@!@!@ENDMSG 2262 @!@!@
@!@!@STARTMSG 2187:0 @!@!@
Running breadth-first search Model-Checking with fp 0 and seed 4788433315683138147 with 1 worker on 32 cores with 14096MB heap and 64MB offheap memory [pid: 1996344] (Linux 6.8.0-87-generic amd64, Ubuntu 21.0.9 x86_64, MSBDiskFPSet, DiskStateQueue).
@!@!@ENDMSG 2187 @!@!@
@!@!@STARTMSG 2220:0 @!@!@
Starting SANY...
@!@!@ENDMSG 2220 @!@!@
Parsing file /home/redbeard/rust/priority-manager/PriorityManagerSimple.tla
Parsing file /tmp/tlc-11230749305359264339/Integers.tla (jar:file:/home/redbeard/.vscode/extensions/tlaplus.vscode-ide-2025.11.241836/tools/tla2tools.jar!/tla2sany/StandardModules/Integers.tla)
Parsing file /tmp/tlc-11230749305359264339/TLC.tla (jar:file:/home/redbeard/.vscode/extensions/tlaplus.vscode-ide-2025.11.241836/tools/tla2tools.jar!/tla2sany/StandardModules/TLC.tla)
Parsing file /tmp/tlc-11230749305359264339/Naturals.tla (jar:file:/home/redbeard/.vscode/extensions/tlaplus.vscode-ide-2025.11.241836/tools/tla2tools.jar!/tla2sany/StandardModules/Naturals.tla)
Parsing file /tmp/tlc-11230749305359264339/Sequences.tla (jar:file:/home/redbeard/.vscode/extensions/tlaplus.vscode-ide-2025.11.241836/tools/tla2tools.jar!/tla2sany/StandardModules/Sequences.tla)
Parsing file /tmp/tlc-11230749305359264339/FiniteSets.tla (jar:file:/home/redbeard/.vscode/extensions/tlaplus.vscode-ide-2025.11.241836/tools/tla2tools.jar!/tla2sany/StandardModules/FiniteSets.tla)
Semantic processing of module Naturals
Semantic processing of module Integers
Semantic processing of module Sequences
Semantic processing of module FiniteSets
Semantic processing of module TLC
Semantic processing of module PriorityManagerSimple
Linting of module PriorityManagerSimple
@!@!@STARTMSG 2219:0 @!@!@
SANY finished.
@!@!@ENDMSG 2219 @!@!@
@!@!@STARTMSG 2185:0 @!@!@
Starting... (2025-11-26 14:21:35)
@!@!@ENDMSG 2185 @!@!@
@!@!@STARTMSG 2259:3 @!@!@
Temporal properties (PROPERTY or PROPERTIES) are being verified without a fairness constraint conjoined to the behavior specification Spec defined at line 43, col 1 to line 43, col 29 of module PriorityManagerSimple. This may lead to trivial counterexamples in which the system exhibits infinite stuttering immediately after the initial state. To avoid this, it is recommended to conjoin a suitable fairness constraint to Spec (compare Chapter 8, page 87ff of Specifying Systems at https://lamport.azurewebsites.net/tla/book.html).
@!@!@ENDMSG 2259 @!@!@
@!@!@STARTMSG 2212:0 @!@!@
Implied-temporal checking--satisfiability problem has 1 branches.
@!@!@ENDMSG 2212 @!@!@
@!@!@STARTMSG 2189:0 @!@!@
Computing initial states...
@!@!@ENDMSG 2189 @!@!@
@!@!@STARTMSG 2190:0 @!@!@
Finished computing initial states: 1 distinct state generated at 2025-11-26 14:21:35.
@!@!@ENDMSG 2190 @!@!@
@!@!@STARTMSG 2200:0 @!@!@
Progress(22) at 2025-11-26 14:21:35: 246 states generated, 110 distinct states found, 0 states left on queue.
@!@!@ENDMSG 2200 @!@!@
@!@!@STARTMSG 2192:0 @!@!@
Checking temporal properties for the complete state space with 110 total distinct states at (2025-11-26 14:21:35)
@!@!@ENDMSG 2192 @!@!@
@!@!@STARTMSG 2116:1 @!@!@
Temporal properties were violated.

@!@!@ENDMSG 2116 @!@!@
@!@!@STARTMSG 2264:1 @!@!@
The following behavior constitutes a counter-example:

@!@!@ENDMSG 2264 @!@!@
@!@!@STARTMSG 2217:4 @!@!@
1: <Initial predicate>
/\ priority = 95
/\ adjustments = 0
/\ load = 0

@!@!@ENDMSG 2217 @!@!@
@!@!@STARTMSG 2217:4 @!@!@
2: <IncreaseLoad line 18, col 5 to line 20, col 42 of module PriorityManagerSimple>
/\ priority = 95
/\ adjustments = 0
/\ load = 10

@!@!@ENDMSG 2217 @!@!@
@!@!@STARTMSG 2217:4 @!@!@
3: <IncreaseLoad line 18, col 5 to line 20, col 42 of module PriorityManagerSimple>
/\ priority = 95
/\ adjustments = 0
/\ load = 20

@!@!@ENDMSG 2217 @!@!@
@!@!@STARTMSG 2217:4 @!@!@
4: <IncreaseLoad line 18, col 5 to line 20, col 42 of module PriorityManagerSimple>
/\ priority = 95
/\ adjustments = 0
/\ load = 30

@!@!@ENDMSG 2217 @!@!@
@!@!@STARTMSG 2217:4 @!@!@
5: <IncreaseLoad line 18, col 5 to line 20, col 42 of module PriorityManagerSimple>
/\ priority = 95
/\ adjustments = 0
/\ load = 40

@!@!@ENDMSG 2217 @!@!@
@!@!@STARTMSG 2217:4 @!@!@
6: <IncreaseLoad line 18, col 5 to line 20, col 42 of module PriorityManagerSimple>
/\ priority = 95
/\ adjustments = 0
/\ load = 50

@!@!@ENDMSG 2217 @!@!@
@!@!@STARTMSG 2217:4 @!@!@
7: <IncreaseLoad line 18, col 5 to line 20, col 42 of module PriorityManagerSimple>
/\ priority = 95
/\ adjustments = 0
/\ load = 60

@!@!@ENDMSG 2217 @!@!@
@!@!@STARTMSG 2217:4 @!@!@
8: <AdjustPriority line 28, col 5 to line 34, col 21 of module PriorityManagerSimple>
/\ priority = 85
/\ adjustments = 1
/\ load = 60

@!@!@ENDMSG 2217 @!@!@
@!@!@STARTMSG 2217:4 @!@!@
9: <IncreaseLoad line 18, col 5 to line 20, col 42 of module PriorityManagerSimple>
/\ priority = 85
/\ adjustments = 1
/\ load = 70

@!@!@ENDMSG 2217 @!@!@
@!@!@STARTMSG 2217:4 @!@!@
10: <IncreaseLoad line 18, col 5 to line 20, col 42 of module PriorityManagerSimple>
/\ priority = 85
/\ adjustments = 1
/\ load = 80

@!@!@ENDMSG 2217 @!@!@
@!@!@STARTMSG 2217:4 @!@!@
11: <AdjustPriority line 28, col 5 to line 34, col 21 of module PriorityManagerSimple>
/\ priority = 75
/\ adjustments = 2
/\ load = 80

@!@!@ENDMSG 2217 @!@!@
@!@!@STARTMSG 2217:4 @!@!@
12: <AdjustPriority line 28, col 5 to line 34, col 21 of module PriorityManagerSimple>
/\ priority = 65
/\ adjustments = 3
/\ load = 80

@!@!@ENDMSG 2217 @!@!@
@!@!@STARTMSG 2217:4 @!@!@
13: <AdjustPriority line 28, col 5 to line 34, col 21 of module PriorityManagerSimple>
/\ priority = 55
/\ adjustments = 4
/\ load = 80

@!@!@ENDMSG 2217 @!@!@
@!@!@STARTMSG 2217:4 @!@!@
14: <AdjustPriority line 28, col 5 to line 34, col 21 of module PriorityManagerSimple>
/\ priority = 45
/\ adjustments = 5
/\ load = 80

@!@!@ENDMSG 2217 @!@!@
@!@!@STARTMSG 2217:4 @!@!@
15: <AdjustPriority line 28, col 5 to line 34, col 21 of module PriorityManagerSimple>
/\ priority = 35
/\ adjustments = 6
/\ load = 80

@!@!@ENDMSG 2217 @!@!@
@!@!@STARTMSG 2218:4 @!@!@
16: Stuttering
@!@!@ENDMSG 2218 @!@!@
@!@!@STARTMSG 2267:0 @!@!@
Finished checking temporal properties in 00s at 2025-11-26 14:21:35
@!@!@ENDMSG 2267 @!@!@
@!@!@STARTMSG 2201:0 @!@!@
The coverage statistics at 2025-11-26 14:21:35 (see https://explain.tlapl.us/module-coverage-statistics for how to interpret the following statistics).
@!@!@ENDMSG 2201 @!@!@
@!@!@STARTMSG 2779:0 @!@!@
<priority line 6, col 11 to line 6, col 18 of module PriorityManagerSimple>: 10
@!@!@ENDMSG 2779 @!@!@
@!@!@STARTMSG 2779:0 @!@!@
<adjustments line 6, col 27 to line 6, col 37 of module PriorityManagerSimple>: 10
@!@!@ENDMSG 2779 @!@!@
@!@!@STARTMSG 2779:0 @!@!@
<load line 6, col 21 to line 6, col 24 of module PriorityManagerSimple>: 11
@!@!@ENDMSG 2779 @!@!@
@!@!@STARTMSG 2773:0 @!@!@
<Init line 12, col 1 to line 12, col 4 of module PriorityManagerSimple>: 2:2
@!@!@ENDMSG 2773 @!@!@
@!@!@STARTMSG 2221:0 @!@!@
  line 13, col 5 to line 15, col 22 of module PriorityManagerSimple: 2
@!@!@ENDMSG 2221 @!@!@
@!@!@STARTMSG 2772:0 @!@!@
<IncreaseLoad line 17, col 1 to line 17, col 12 of module PriorityManagerSimple>: 10:121
@!@!@ENDMSG 2772 @!@!@
@!@!@STARTMSG 2221:0 @!@!@
  line 18, col 8 to line 18, col 17 of module PriorityManagerSimple: 121
@!@!@ENDMSG 2221 @!@!@
@!@!@STARTMSG 2221:0 @!@!@
  |line 18, col 8 to line 18, col 11 of module PriorityManagerSimple: 131
@!@!@ENDMSG 2221 @!@!@
@!@!@STARTMSG 2221:0 @!@!@
  line 19, col 8 to line 19, col 24 of module PriorityManagerSimple: 121
@!@!@ENDMSG 2221 @!@!@
@!@!@STARTMSG 2221:0 @!@!@
  line 20, col 8 to line 20, col 42 of module PriorityManagerSimple: 121
@!@!@ENDMSG 2221 @!@!@
@!@!@STARTMSG 2772:0 @!@!@
<DecreaseLoad line 22, col 1 to line 22, col 12 of module PriorityManagerSimple>: 54:112
@!@!@ENDMSG 2772 @!@!@
@!@!@STARTMSG 2221:0 @!@!@
  line 23, col 8 to line 23, col 15 of module PriorityManagerSimple: 112
@!@!@ENDMSG 2221 @!@!@
@!@!@STARTMSG 2221:0 @!@!@
  |line 23, col 8 to line 23, col 11 of module PriorityManagerSimple: 123
@!@!@ENDMSG 2221 @!@!@
@!@!@STARTMSG 2221:0 @!@!@
  line 24, col 8 to line 24, col 24 of module PriorityManagerSimple: 112
@!@!@ENDMSG 2221 @!@!@
@!@!@STARTMSG 2221:0 @!@!@
  line 25, col 8 to line 25, col 42 of module PriorityManagerSimple: 112
@!@!@ENDMSG 2221 @!@!@
@!@!@STARTMSG 2772:0 @!@!@
<AdjustPriority line 27, col 1 to line 27, col 14 of module PriorityManagerSimple>: 45:52
@!@!@ENDMSG 2772 @!@!@
@!@!@STARTMSG 2221:0 @!@!@
  line 28, col 8 to line 28, col 27 of module PriorityManagerSimple: 52
@!@!@ENDMSG 2221 @!@!@
@!@!@STARTMSG 2221:0 @!@!@
  |line 28, col 8 to line 28, col 11 of module PriorityManagerSimple: 123
@!@!@ENDMSG 2221 @!@!@
@!@!@STARTMSG 2221:0 @!@!@
  |line 28, col 15 to line 28, col 27 of module PriorityManagerSimple: 123
@!@!@ENDMSG 2221 @!@!@
@!@!@STARTMSG 2221:0 @!@!@
  line 29, col 8 to line 29, col 30 of module PriorityManagerSimple: 52
@!@!@ENDMSG 2221 @!@!@
@!@!@STARTMSG 2221:0 @!@!@
  |line 29, col 8 to line 29, col 15 of module PriorityManagerSimple: 57
@!@!@ENDMSG 2221 @!@!@
@!@!@STARTMSG 2221:0 @!@!@
  |line 29, col 19 to line 29, col 30 of module PriorityManagerSimple: 57
@!@!@ENDMSG 2221 @!@!@
@!@!@STARTMSG 2221:0 @!@!@
  line 30, col 8 to line 32, col 37 of module PriorityManagerSimple: 52
@!@!@ENDMSG 2221 @!@!@
@!@!@STARTMSG 2221:0 @!@!@
  |line 30, col 20 to line 32, col 37 of module PriorityManagerSimple: 52
@!@!@ENDMSG 2221 @!@!@
@!@!@STARTMSG 2221:0 @!@!@
  ||line 30, col 23 to line 30, col 50 of module PriorityManagerSimple: 52
@!@!@ENDMSG 2221 @!@!@
@!@!@STARTMSG 2221:0 @!@!@
  ||line 31, col 25 to line 31, col 36 of module PriorityManagerSimple: 5
@!@!@ENDMSG 2221 @!@!@
@!@!@STARTMSG 2221:0 @!@!@
  ||line 32, col 25 to line 32, col 37 of module PriorityManagerSimple: 47
@!@!@ENDMSG 2221 @!@!@
@!@!@STARTMSG 2221:0 @!@!@
  line 33, col 8 to line 33, col 37 of module PriorityManagerSimple: 52
@!@!@ENDMSG 2221 @!@!@
@!@!@STARTMSG 2221:0 @!@!@
  line 34, col 8 to line 34, col 21 of module PriorityManagerSimple: 52
@!@!@ENDMSG 2221 @!@!@
@!@!@STARTMSG 2774:0 @!@!@
<PriorityInBounds line 48, col 1 to line 48, col 16 of module PriorityManagerSimple>
@!@!@ENDMSG 2774 @!@!@
@!@!@STARTMSG 2221:0 @!@!@
  line 49, col 5 to line 50, col 31 of module PriorityManagerSimple: 110
@!@!@ENDMSG 2221 @!@!@
@!@!@STARTMSG 2774:0 @!@!@
<NoNegativePriority line 55, col 1 to line 55, col 18 of module PriorityManagerSimple>
@!@!@ENDMSG 2774 @!@!@
@!@!@STARTMSG 2221:0 @!@!@
  line 56, col 5 to line 56, col 17 of module PriorityManagerSimple: 110
@!@!@ENDMSG 2221 @!@!@
@!@!@STARTMSG 2202:0 @!@!@
End of statistics.
@!@!@ENDMSG 2202 @!@!@
@!@!@STARTMSG 2200:0 @!@!@
Progress(22) at 2025-11-26 14:21:35: 246 states generated (43 411 s/min), 110 distinct states found (19 411 ds/min), 0 states left on queue.
@!@!@ENDMSG 2200 @!@!@
@!@!@STARTMSG 2199:0 @!@!@
246 states generated, 110 distinct states found, 0 states left on queue.
@!@!@ENDMSG 2199 @!@!@
@!@!@STARTMSG 2194:0 @!@!@
The depth of the complete state graph search is 22.
@!@!@ENDMSG 2194 @!@!@
@!@!@STARTMSG 2186:0 @!@!@
Finished in 341ms at (2025-11-26 14:21:35)
@!@!@ENDMSG 2186 @!@!@
